<?xml version="1.0" encoding="UTF-8"?>
<!-- Generated by org.testng.reporters.JUnitReportReporter -->
<testsuite hostname="LAPTOP-6I8KKC27" failures="0" tests="1" name="demoProject11.TestClass" time="21.903" errors="0" timestamp="2025-04-20T23:34:47 IST" skipped="0">
  <testcase classname="demoProject11.TestClass" name="test1" time="21.903"/>
</testsuite> <!-- demoProject11.TestClass -->
